#
# There is insufficient memory for the Java Runtime Environment to continue.
# Native memory allocation (malloc) failed to allocate 32744 bytes for ChunkPool::allocate
# Possible reasons:
#   The system is out of physical RAM or swap space
#   The process is running with CompressedOops enabled, and the Java Heap may be blocking the growth of the native heap
# Possible solutions:
#   Reduce memory load on the system
#   Increase physical memory or swap space
#   Check if swap backing store is full
#   Decrease Java heap size (-Xmx/-Xms)
#   Decrease number of Java threads
#   Decrease Java thread stack sizes (-Xss)
#   Set larger code cache with -XX:ReservedCodeCacheSize=
#   JVM is running with Unscaled Compressed Oops mode in which the Java heap is
#     placed in the first 4GB address space. The Java Heap base address is the
#     maximum limit for the native heap growth. Please use -XX:HeapBaseMinAddress
#     to set the Java Heap base and to place the Java Heap above 4GB virtual address.
# This output file may be truncated or incomplete.
#
#  Out of Memory Error (allocation.cpp:272), pid=1784, tid=0x00000000000037dc
#
# JRE version: Java(TM) SE Runtime Environment (8.0_231-b11) (build 1.8.0_231-b11)
# Java VM: Java HotSpot(TM) 64-Bit Server VM (25.231-b11 mixed mode windows-amd64 compressed oops)
# Failed to write core dump. Minidumps are not enabled by default on client versions of Windows
#

---------------  T H R E A D  ---------------

Current thread (0x00000000179d7000):  JavaThread "C2 CompilerThread1" daemon [_thread_in_native, id=14300, stack(0x0000000019120000,0x0000000019220000)]

Stack: [0x0000000019120000,0x0000000019220000]
[error occurred during error reporting (printing stack bounds), id 0xc0000005]

Native frames: (J=compiled Java code, j=interpreted, Vv=VM code, C=native code)


Current CompileTask:
C2:5139551  685       4       java.util.HashMap::putVal (300 bytes)


---------------  P R O C E S S  ---------------

Java Threads: ( => current thread )
  0x000000001971c000 JavaThread "D3D Screen Updater" daemon [_thread_blocked, id=19716, stack(0x0000000022800000,0x0000000022900000)]
  0x0000000002b8e000 JavaThread "DestroyJavaVM" [_thread_blocked, id=4440, stack(0x0000000002b90000,0x0000000002c90000)]
  0x00000000196aa800 JavaThread "AWT-EventQueue-0" [_thread_blocked, id=9124, stack(0x0000000021e00000,0x0000000021f00000)]
  0x0000000019694800 JavaThread "TimerQueue" daemon [_thread_blocked, id=6676, stack(0x000000001aec0000,0x000000001afc0000)]
  0x0000000019634800 JavaThread "AWT-Windows" daemon [_thread_in_native, id=5088, stack(0x0000000019c60000,0x0000000019d60000)]
  0x0000000019689000 JavaThread "AWT-Shutdown" [_thread_blocked, id=20932, stack(0x0000000019b60000,0x0000000019c60000)]
  0x0000000019688800 JavaThread "Java2D Disposer" daemon [_thread_blocked, id=7472, stack(0x0000000019a60000,0x0000000019b60000)]
  0x0000000017a2e800 JavaThread "Service Thread" daemon [_thread_blocked, id=1032, stack(0x0000000019720000,0x0000000019820000)]
  0x00000000179dd000 JavaThread "C1 CompilerThread2" daemon [_thread_blocked, id=14828, stack(0x0000000019220000,0x0000000019320000)]
=>0x00000000179d7000 JavaThread "C2 CompilerThread1" daemon [_thread_in_native, id=14300, stack(0x0000000019120000,0x0000000019220000)]
  0x00000000179ce000 JavaThread "C2 CompilerThread0" daemon [_thread_blocked, id=22156, stack(0x0000000019020000,0x0000000019120000)]
  0x00000000179cc000 JavaThread "Attach Listener" daemon [_thread_blocked, id=8520, stack(0x0000000018f20000,0x0000000019020000)]
  0x00000000179cb000 JavaThread "Signal Dispatcher" daemon [_thread_blocked, id=20388, stack(0x0000000018e20000,0x0000000018f20000)]
  0x00000000179ba800 JavaThread "Finalizer" daemon [_thread_blocked, id=12780, stack(0x0000000018c20000,0x0000000018d20000)]
  0x0000000002da2000 JavaThread "Reference Handler" daemon [_thread_blocked, id=6440, stack(0x0000000018b20000,0x0000000018c20000)]

Other Threads:
  0x0000000017997800 VMThread [stack: 0x0000000018a20000,0x0000000018b20000] [id=18540]
  0x0000000019369000 WatcherThread [stack: 0x0000000019820000,0x0000000019920000] [id=15116]

VM state:not at safepoint (normal execution)

VM Mutex/Monitor currently owned by a thread: None

heap address: 0x0000000080000000, size: 2048 MB, Compressed Oops mode: 32-bit
Narrow klass base: 0x0000000000000000, Narrow klass shift: 3
Compressed class space size: 1073741824 Address: 0x0000000100000000

Heap:
 PSYoungGen      total 38400K, used 10650K [0x00000000d5580000, 0x00000000d8000000, 0x0000000100000000)
  eden space 33280K, 32% used [0x00000000d5580000,0x00000000d5fe6968,0x00000000d7600000)
  from space 5120K, 0% used [0x00000000d7b00000,0x00000000d7b00000,0x00000000d8000000)
  to   space 5120K, 0% used [0x00000000d7600000,0x00000000d7600000,0x00000000d7b00000)
 ParOldGen       total 87552K, used 0K [0x0000000080000000, 0x0000000085580000, 0x00000000d5580000)
  object space 87552K, 0% used [0x0000000080000000,0x0000000080000000,0x0000000085580000)
 Metaspace       used 8701K, capacity 8890K, committed 9088K, reserved 1056768K
  class space    used 1044K, capacity 1129K, committed 1152K, reserved 1048576K

Card table byte_map: [0x0000000012170000,0x0000000012580000] byte_map_base: 0x0000000011d70000

Marking Bits: (ParMarkBitMap*) 0x00000000557f6d90
 Begin Bits: [0x0000000012c30000, 0x0000000014c30000)
 End Bits:   [0x0000000014c30000, 0x0000000016c30000)

Polling page: 0x0000000000e60000

CodeCache: size=245760Kb used=2851Kb max_used=2866Kb free=242908Kb
 bounds [0x0000000002db0000, 0x0000000003080000, 0x0000000011db0000]
 total_blobs=1103 nmethods=684 adapters=334
 compilation: enabled

Compilation events (10 events):
Event: 4852.007 Thread 0x00000000179dd000 nmethod 680 0x0000000003063b50 code [0x0000000003063d00, 0x00000000030643a8]
Event: 4852.007 Thread 0x00000000179dd000  681   !   3       java.awt.Toolkit::setDesktopProperty (81 bytes)
Event: 4852.008 Thread 0x00000000179dd000 nmethod 681 0x0000000003076c90 code [0x0000000003076ec0, 0x0000000003077dc8]
Event: 4853.468 Thread 0x00000000179ce000  682       4       java.lang.String::compareTo (78 bytes)
Event: 4853.469 Thread 0x00000000179dd000  683       1       java.util.HashMap::afterNodeAccess (1 bytes)
Event: 4853.469 Thread 0x00000000179dd000 nmethod 683 0x0000000003068190 code [0x00000000030682e0, 0x00000000030683f0]
Event: 4853.471 Thread 0x00000000179ce000 nmethod 682 0x0000000003063710 code [0x0000000003063860, 0x00000000030639f8]
Event: 5094.054 Thread 0x00000000179ce000  684 % !   4       sun.java2d.d3d.D3DScreenUpdateManager::run @ 0 (267 bytes)
Event: 5094.093 Thread 0x00000000179ce000 nmethod 684% 0x0000000003078410 code [0x00000000030785c0, 0x00000000030793d8]
Event: 5139.533 Thread 0x00000000179d7000  685       4       java.util.HashMap::putVal (300 bytes)

GC Heap History (0 events):
No events

Deoptimization events (1 events):
Event: 4851.860 Thread 0x0000000019634800 Uncommon trap: reason=unstable_if action=reinterpret pc=0x00000000030667a0 method=java.util.Arrays.copyOf([Ljava/lang/Object;ILjava/lang/Class;)[Ljava/lang/Object; @ 3

Classes redefined (0 events):
No events

Internal exceptions (10 events):
Event: 0.039 Thread 0x0000000002b8e000 Exception <a 'java/lang/NoSuchMethodError': Method sun.misc.Unsafe.defineClass(Ljava/lang/String;[BII)Ljava/lang/Class; name or signature does not match> (0x00000000d5587cb8) thrown at [C:\re\workspace\8-2-build-windows-amd64-cygwin\jdk8u231\13620\hotspot
Event: 0.040 Thread 0x0000000002b8e000 Exception <a 'java/lang/NoSuchMethodError': Method sun.misc.Unsafe.prefetchRead(Ljava/lang/Object;J)V name or signature does not match> (0x00000000d5587fa0) thrown at [C:\re\workspace\8-2-build-windows-amd64-cygwin\jdk8u231\13620\hotspot\src\share\vm\prim
Event: 0.129 Thread 0x0000000002b8e000 Exception <a 'java/security/PrivilegedActionException'> (0x00000000d5601668) thrown at [C:\re\workspace\8-2-build-windows-amd64-cygwin\jdk8u231\13620\hotspot\src\share\vm\prims\jvm.cpp, line 1502]
Event: 0.129 Thread 0x0000000002b8e000 Exception <a 'java/security/PrivilegedActionException'> (0x00000000d5601878) thrown at [C:\re\workspace\8-2-build-windows-amd64-cygwin\jdk8u231\13620\hotspot\src\share\vm\prims\jvm.cpp, line 1502]
Event: 0.130 Thread 0x0000000002b8e000 Exception <a 'java/security/PrivilegedActionException'> (0x00000000d56054e8) thrown at [C:\re\workspace\8-2-build-windows-amd64-cygwin\jdk8u231\13620\hotspot\src\share\vm\prims\jvm.cpp, line 1502]
Event: 0.130 Thread 0x0000000002b8e000 Exception <a 'java/security/PrivilegedActionException'> (0x00000000d56056f8) thrown at [C:\re\workspace\8-2-build-windows-amd64-cygwin\jdk8u231\13620\hotspot\src\share\vm\prims\jvm.cpp, line 1502]
Event: 0.141 Thread 0x0000000002b8e000 Exception <a 'java/io/FileNotFoundException'> (0x00000000d560dd68) thrown at [C:\re\workspace\8-2-build-windows-amd64-cygwin\jdk8u231\13620\hotspot\src\share\vm\prims\jni.cpp, line 710]
Event: 0.191 Thread 0x0000000002b8e000 Exception <a 'java/lang/NoSuchFieldError': method resolution failed> (0x00000000d5784ef8) thrown at [C:\re\workspace\8-2-build-windows-amd64-cygwin\jdk8u231\13620\hotspot\src\share\vm\prims\methodHandles.cpp, line 1167]
Event: 0.193 Thread 0x0000000002b8e000 Exception <a 'java/lang/NoSuchFieldError': method resolution failed> (0x00000000d57922c8) thrown at [C:\re\workspace\8-2-build-windows-amd64-cygwin\jdk8u231\13620\hotspot\src\share\vm\prims\methodHandles.cpp, line 1167]
Event: 0.282 Thread 0x0000000002b8e000 Exception <a 'java/io/FileNotFoundException'> (0x00000000d587b0e0) thrown at [C:\re\workspace\8-2-build-windows-amd64-cygwin\jdk8u231\13620\hotspot\src\share\vm\prims\jni.cpp, line 710]

Events (10 events):
Event: 6.808 loading class java/awt/Cursor$CursorDisposer done
Event: 6.810 loading class java/awt/event/MouseWheelEvent
Event: 6.810 loading class java/awt/event/MouseWheelEvent done
Event: 9.440 loading class java/awt/KeyboardFocusManager$2
Event: 9.441 loading class java/awt/KeyboardFocusManager$2 done
Event: 9.441 loading class sun/awt/SunToolkit$1
Event: 9.441 loading class sun/awt/SunToolkit$1 done
Event: 4851.860 Thread 0x0000000019634800 Uncommon trap: trap_request=0xffffff65 fr.pc=0x00000000030667a0
Event: 4851.860 Thread 0x0000000019634800 DEOPT PACKING pc=0x00000000030667a0 sp=0x0000000019d5d790
Event: 4851.860 Thread 0x0000000019634800 DEOPT UNPACKING pc=0x0000000002df557b sp=0x0000000019d5d758 mode 2


Dynamic libraries:
0x00007ff7b6ab0000 - 0x00007ff7b6ae7000 	C:\Program Files\Java\jre1.8.0_231\bin\javaw.exe
0x00007ffc3b280000 - 0x00007ffc3b46d000 	C:\Windows\SYSTEM32\ntdll.dll
0x00007ffc38840000 - 0x00007ffc388f3000 	C:\Windows\System32\KERNEL32.DLL
0x00007ffc37ab0000 - 0x00007ffc37d43000 	C:\Windows\System32\KERNELBASE.dll
0x00007ffc38ac0000 - 0x00007ffc38b63000 	C:\Windows\System32\ADVAPI32.dll
0x00007ffc38900000 - 0x00007ffc3899e000 	C:\Windows\System32\msvcrt.dll
0x00007ffc38d60000 - 0x00007ffc38dfe000 	C:\Windows\System32\sechost.dll
0x00007ffc3b120000 - 0x00007ffc3b242000 	C:\Windows\System32\RPCRT4.dll
0x00007ffc394d0000 - 0x00007ffc39667000 	C:\Windows\System32\USER32.dll
0x00007ffc37340000 - 0x00007ffc37360000 	C:\Windows\System32\win32u.dll
0x00007ffc38a90000 - 0x00007ffc38ab9000 	C:\Windows\System32\GDI32.dll
0x00007ffc37630000 - 0x00007ffc377c9000 	C:\Windows\System32\gdi32full.dll
0x00007ffc37360000 - 0x00007ffc37400000 	C:\Windows\System32\msvcp_win.dll
0x00007ffc37420000 - 0x00007ffc3751a000 	C:\Windows\System32\ucrtbase.dll
0x00007ffc29840000 - 0x00007ffc29ab9000 	C:\Windows\WinSxS\amd64_microsoft.windows.common-controls_6595b64144ccf1df_6.0.17763.1039_none_de701650534c7021\COMCTL32.dll
0x00007ffc38500000 - 0x00007ffc3882c000 	C:\Windows\System32\combase.dll
0x00007ffc37850000 - 0x00007ffc378ce000 	C:\Windows\System32\bcryptPrimitives.dll
0x00007ffc38a50000 - 0x00007ffc38a7e000 	C:\Windows\System32\IMM32.DLL
0x0000000054e10000 - 0x0000000054ee2000 	C:\Program Files\Java\jre1.8.0_231\bin\msvcr100.dll
0x0000000054fd0000 - 0x0000000055876000 	C:\Program Files\Java\jre1.8.0_231\bin\server\jvm.dll
0x00007ffc38a80000 - 0x00007ffc38a88000 	C:\Windows\System32\PSAPI.DLL
0x00007ffc32e80000 - 0x00007ffc32e8a000 	C:\Windows\SYSTEM32\VERSION.dll
0x00007ffc2fb70000 - 0x00007ffc2fb94000 	C:\Windows\SYSTEM32\WINMM.dll
0x00007ffc33fa0000 - 0x00007ffc33fa9000 	C:\Windows\SYSTEM32\WSOCK32.dll
0x00007ffc2fa50000 - 0x00007ffc2fa7d000 	C:\Windows\SYSTEM32\WINMMBASE.dll
0x00007ffc38e60000 - 0x00007ffc38ecd000 	C:\Windows\System32\WS2_32.dll
0x00007ffc37800000 - 0x00007ffc3784a000 	C:\Windows\System32\cfgmgr32.dll
0x00007ffc2c600000 - 0x00007ffc2c60f000 	C:\Program Files\Java\jre1.8.0_231\bin\verify.dll
0x00007ffc2a690000 - 0x00007ffc2a6b9000 	C:\Program Files\Java\jre1.8.0_231\bin\java.dll
0x00007ffc2c0d0000 - 0x00007ffc2c0e6000 	C:\Program Files\Java\jre1.8.0_231\bin\zip.dll
0x00007ffc39b10000 - 0x00007ffc3b004000 	C:\Windows\System32\SHELL32.dll
0x00007ffc389a0000 - 0x00007ffc38a48000 	C:\Windows\System32\shcore.dll
0x00007ffc37d50000 - 0x00007ffc3849d000 	C:\Windows\System32\windows.storage.dll
0x00007ffc372f0000 - 0x00007ffc37314000 	C:\Windows\System32\profapi.dll
0x00007ffc37270000 - 0x00007ffc372cd000 	C:\Windows\System32\powrprof.dll
0x00007ffc39040000 - 0x00007ffc39092000 	C:\Windows\System32\shlwapi.dll
0x00007ffc372d0000 - 0x00007ffc372e1000 	C:\Windows\System32\kernel.appcore.dll
0x00007ffc37400000 - 0x00007ffc37417000 	C:\Windows\System32\cryptsp.dll
0x00007ffc0bdf0000 - 0x00007ffc0bf8a000 	C:\Program Files\Java\jre1.8.0_231\bin\awt.dll
0x00007ffc39400000 - 0x00007ffc394c4000 	C:\Windows\System32\OLEAUT32.dll
0x00007ffc35600000 - 0x00007ffc3568c000 	C:\Windows\SYSTEM32\apphelp.dll
0x00007ffc35560000 - 0x00007ffc355fc000 	C:\Windows\system32\uxtheme.dll
0x00007ffc38bf0000 - 0x00007ffc38d5c000 	C:\Windows\System32\MSCTF.dll
0x00007ffc35930000 - 0x00007ffc3595e000 	C:\Windows\system32\dwmapi.dll
0x00007ffc378d0000 - 0x00007ffc37aac000 	C:\Windows\System32\CRYPT32.dll
0x00007ffc37320000 - 0x00007ffc37332000 	C:\Windows\System32\MSASN1.dll
0x00007ffc38ee0000 - 0x00007ffc39035000 	C:\Windows\System32\ole32.dll
0x00007ffc0bcc0000 - 0x00007ffc0bde7000 	C:\Windows\system32\opengl32.dll
0x00007ffc33a50000 - 0x00007ffc33a7c000 	C:\Windows\SYSTEM32\GLU32.dll
0x00007ffc288a0000 - 0x00007ffc28a3e000 	C:\Windows\system32\d3d9.dll
0x00007ffc2c610000 - 0x00007ffc2c6fe000 	C:\Windows\System32\DriverStore\FileRepository\nv_dispi.inf_amd64_db678424d2641c3d\nvldumdx.dll
0x00007ffc375d0000 - 0x00007ffc37629000 	C:\Windows\System32\WINTRUST.DLL
0x00007ffc39670000 - 0x00007ffc3968d000 	C:\Windows\System32\imagehlp.dll
0x00007ffc36600000 - 0x00007ffc36633000 	C:\Windows\system32\rsaenh.dll
0x00007ffc377d0000 - 0x00007ffc377f6000 	C:\Windows\System32\bcrypt.dll
0x00007ffc36c50000 - 0x00007ffc36c5c000 	C:\Windows\SYSTEM32\CRYPTBASE.dll
0x00007ffbfd750000 - 0x00007ffbfebeb000 	C:\Windows\System32\DriverStore\FileRepository\nv_dispi.inf_amd64_db678424d2641c3d\nvd3dumx.dll
0x0000000180000000 - 0x00000001801a7000 	C:\Windows\system32\nvspcap64.dll
0x00007ffc39690000 - 0x00007ffc39b06000 	C:\Windows\System32\SETUPAPI.dll
0x00007ffc32b20000 - 0x00007ffc32c12000 	C:\Windows\SYSTEM32\WINHTTP.dll
0x00007ffc27e40000 - 0x00007ffc2834c000 	C:\Windows\system32\nvapi64.dll
0x00007ffc35fa0000 - 0x00007ffc36062000 	C:\Windows\SYSTEM32\dxgi.dll
0x00007ffc2c800000 - 0x00007ffc2c8ad000 	C:\Windows\SYSTEM32\mscms.dll
0x00007ffc35860000 - 0x00007ffc35870000 	C:\Windows\SYSTEM32\ColorAdapterClient.dll
0x00007ffc371a0000 - 0x00007ffc371c8000 	C:\Windows\SYSTEM32\USERENV.dll
0x00007ffc37170000 - 0x00007ffc3719f000 	C:\Windows\SYSTEM32\SspiCli.dll
0x00007ffc35f20000 - 0x00007ffc35f42000 	C:\Windows\SYSTEM32\gpapi.dll
0x00007ffc2b2b0000 - 0x00007ffc2b2df000 	C:\Windows\SYSTEM32\cryptnet.dll
0x00007ffc26950000 - 0x00007ffc26999000 	C:\Program Files\Java\jre1.8.0_231\bin\fontmanager.dll
0x00007ffc2c8b0000 - 0x00007ffc2c945000 	C:\Windows\System32\TextInputFramework.dll
0x00007ffc26460000 - 0x00007ffc26782000 	C:\Windows\System32\CoreUIComponents.dll
0x00007ffc35090000 - 0x00007ffc35172000 	C:\Windows\System32\CoreMessaging.dll
0x00007ffc362e0000 - 0x00007ffc36311000 	C:\Windows\SYSTEM32\ntmarta.dll
0x00007ffc32ef0000 - 0x00007ffc33043000 	C:\Windows\SYSTEM32\wintypes.dll

VM Arguments:
jvm_args: -Dfile.encoding=Cp1252 
java_command: Main
java_class_path (initial): C:\Users\jakki\eclipse-workspace\Tetris\bin
Launcher Type: SUN_STANDARD

Environment Variables:
PATH=C:/Program Files/Java/jre1.8.0_231/bin/server;C:/Program Files/Java/jre1.8.0_231/bin;C:/Program Files/Java/jre1.8.0_231/lib/amd64;C:\Program Files (x86)\Common Files\Oracle\Java\javapath;C:\Python\Python37\Scripts\;C:\Python\Python37\;C:\Windows\system32;C:\Windows;C:\Windows\System32\Wbem;C:\Windows\System32\WindowsPowerShell\v1.0\;C:\Windows\System32\OpenSSH\;C:\Program Files (x86)\ATI Technologies\ATI.ACE\Core-Static;C:\Program Files\dotnet\;C:\Program Files\Microsoft SQL Server\130\Tools\Binn\;C:\Program Files\Microsoft SQL Server\Client SDK\ODBC\170\Tools\Binn\;C:\Program Files (x86)\NVIDIA Corporation\PhysX\Common;C:\Program Files\nodejs\;C:\Program Files\Git\cmd;C:\Program Files\Git\mingw64\bin;C:\Program Files\Git\usr\bin;C:\Users\jakki\Anaconda3;C:\Users\jakki\Anaconda3\Library\mingw-w64\bin;C:\Users\jakki\Anaconda3\Library\usr\bin;C:\Users\jakki\Anaconda3\Library\bin;C:\Users\jakki\Anaconda3\Scripts;C:\Users\jakki\AppData\Local\Microsoft\WindowsApps;C:\Users\jakki\AppData\Roaming\npm;C:\Users\jakki\AppData\Local\Programs\Microsoft VS Code\bin;C:\Program Files\Java\jdk1.8.0_231\bin;C:\Program Files\Java\jdk1.8.0_231\bin;C:\Program Files\heroku\bin;C:\Windows\system32;
USERNAME=jakki
OS=Windows_NT
PROCESSOR_IDENTIFIER=Intel64 Family 6 Model 23 Stepping 10, GenuineIntel



---------------  S Y S T E M  ---------------

OS: Windows 10.0 , 64 bit Build 17763 (10.0.17763.475)

CPU:total 4 (initial active 4) (4 cores per cpu, 1 threads per core) family 6 model 23 stepping 10, cmov, cx8, fxsr, mmx, sse, sse2, sse3, ssse3, sse4.1, tsc

Memory: 4k page, physical 8387700k(2274912k free), swap 33553524k(64k free)

vm_info: Java HotSpot(TM) 64-Bit Server VM (25.231-b11) for windows-amd64 JRE (1.8.0_231-b11), built on Oct  5 2019 03:11:30 by "java_re" with MS VC++ 10.0 (VS2010)

time: Sat Feb 22 09:26:36 2020
timezone: Suomen normaaliaika
elapsed time: 5139 seconds (0d 1h 25m 39s)

