#
# There is insufficient memory for the Java Runtime Environment to continue.
# Native memory allocation (malloc) failed to allocate 1048576 bytes for AllocateHeap
# Possible reasons:
#   The system is out of physical RAM or swap space
#   The process is running with CompressedOops enabled, and the Java Heap may be blocking the growth of the native heap
# Possible solutions:
#   Reduce memory load on the system
#   Increase physical memory or swap space
#   Check if swap backing store is full
#   Decrease Java heap size (-Xmx/-Xms)
#   Decrease number of Java threads
#   Decrease Java thread stack sizes (-Xss)
#   Set larger code cache with -XX:ReservedCodeCacheSize=
#   JVM is running with Unscaled Compressed Oops mode in which the Java heap is
#     placed in the first 4GB address space. The Java Heap base address is the
#     maximum limit for the native heap growth. Please use -XX:HeapBaseMinAddress
#     to set the Java Heap base and to place the Java Heap above 4GB virtual address.
# This output file may be truncated or incomplete.
#
#  Out of Memory Error (memory/allocation.inline.hpp:61), pid=14296, tid=0x0000000000004ebc
#
# JRE version:  (8.0_231-b11) (build )
# Java VM: Java HotSpot(TM) 64-Bit Server VM (25.231-b11 mixed mode windows-amd64 compressed oops)
# Failed to write core dump. Minidumps are not enabled by default on client versions of Windows
#

---------------  T H R E A D  ---------------

Current thread (0x00000000019fe000):  JavaThread "Unknown thread" [_thread_in_vm, id=20156, stack(0x00000000018b0000,0x00000000019b0000)]

Stack: [0x00000000018b0000,0x00000000019b0000]
[error occurred during error reporting (printing stack bounds), id 0xc0000005]

Native frames: (J=compiled Java code, j=interpreted, Vv=VM code, C=native code)


---------------  P R O C E S S  ---------------

Java Threads: ( => current thread )

Other Threads:

=>0x00000000019fe000 (exited) JavaThread "Unknown thread" [_thread_in_vm, id=20156, stack(0x00000000018b0000,0x00000000019b0000)]

VM state:not at safepoint (normal execution)

VM Mutex/Monitor currently owned by a thread: None

heap address: 0x0000000080000000, size: 2048 MB, Compressed Oops mode: 32-bit
Narrow klass base: 0x0000000000000000, Narrow klass shift: 3
Compressed class space size: 1073741824 Address: 0x0000000100000000

Heap:
 PSYoungGen      total 38400K, used 665K [0x00000000d5580000, 0x00000000d8000000, 0x0000000100000000)
  eden space 33280K, 2% used [0x00000000d5580000,0x00000000d5626670,0x00000000d7600000)
  from space 5120K, 0% used [0x00000000d7b00000,0x00000000d7b00000,0x00000000d8000000)
  to   space 5120K, 0% used [0x00000000d7600000,0x00000000d7600000,0x00000000d7b00000)
 ParOldGen       total 87552K, used 0K [0x0000000080000000, 0x0000000085580000, 0x00000000d5580000)
  object space 87552K, 0% used [0x0000000080000000,0x0000000080000000,0x0000000085580000)
 Metaspace       used 752K, capacity 4480K, committed 4480K, reserved 1056768K
  class space    used 76K, capacity 384K, committed 384K, reserved 1048576K

Card table byte_map: [0x0000000012750000,0x0000000012b60000] byte_map_base: 0x0000000012350000

Marking Bits: (ParMarkBitMap*) 0x00000000557f6d90
 Begin Bits: [0x0000000013210000, 0x0000000015210000)
 End Bits:   [0x0000000015210000, 0x0000000017210000)

Polling page: 0x0000000001440000

CodeCache: size=245760Kb used=327Kb max_used=327Kb free=245432Kb
 bounds [0x0000000003390000, 0x0000000003600000, 0x0000000012390000]
 total_blobs=56 nmethods=0 adapters=38
 compilation: enabled

Compilation events (0 events):
No events

GC Heap History (0 events):
No events

Deoptimization events (0 events):
No events

Classes redefined (0 events):
No events

Internal exceptions (0 events):
No events

Events (10 events):
Event: 0.045 loading class java/lang/Short
Event: 0.045 loading class java/lang/Short done
Event: 0.045 loading class java/lang/Integer
Event: 0.045 loading class java/lang/Integer done
Event: 0.045 loading class java/lang/Long
Event: 0.045 loading class java/lang/Long done
Event: 0.046 loading class java/lang/NullPointerException
Event: 0.046 loading class java/lang/NullPointerException done
Event: 0.046 loading class java/lang/ArithmeticException
Event: 0.046 loading class java/lang/ArithmeticException done


Dynamic libraries:
0x00007ff7b6ab0000 - 0x00007ff7b6ae7000 	C:\Program Files\Java\jre1.8.0_231\bin\javaw.exe
0x00007ffc3b280000 - 0x00007ffc3b46d000 	C:\Windows\SYSTEM32\ntdll.dll
0x00007ffc38840000 - 0x00007ffc388f3000 	C:\Windows\System32\KERNEL32.DLL
0x00007ffc37ab0000 - 0x00007ffc37d43000 	C:\Windows\System32\KERNELBASE.dll
0x00007ffc38ac0000 - 0x00007ffc38b63000 	C:\Windows\System32\ADVAPI32.dll
0x00007ffc38900000 - 0x00007ffc3899e000 	C:\Windows\System32\msvcrt.dll
0x00007ffc38d60000 - 0x00007ffc38dfe000 	C:\Windows\System32\sechost.dll
0x00007ffc3b120000 - 0x00007ffc3b242000 	C:\Windows\System32\RPCRT4.dll
0x00007ffc394d0000 - 0x00007ffc39667000 	C:\Windows\System32\USER32.dll
0x00007ffc37340000 - 0x00007ffc37360000 	C:\Windows\System32\win32u.dll
0x00007ffc38a90000 - 0x00007ffc38ab9000 	C:\Windows\System32\GDI32.dll
0x00007ffc37630000 - 0x00007ffc377c9000 	C:\Windows\System32\gdi32full.dll
0x00007ffc37360000 - 0x00007ffc37400000 	C:\Windows\System32\msvcp_win.dll
0x00007ffc37420000 - 0x00007ffc3751a000 	C:\Windows\System32\ucrtbase.dll
0x00007ffc29840000 - 0x00007ffc29ab9000 	C:\Windows\WinSxS\amd64_microsoft.windows.common-controls_6595b64144ccf1df_6.0.17763.1039_none_de701650534c7021\COMCTL32.dll
0x00007ffc38500000 - 0x00007ffc3882c000 	C:\Windows\System32\combase.dll
0x00007ffc37850000 - 0x00007ffc378ce000 	C:\Windows\System32\bcryptPrimitives.dll
0x00007ffc38a50000 - 0x00007ffc38a7e000 	C:\Windows\System32\IMM32.DLL
0x0000000054e10000 - 0x0000000054ee2000 	C:\Program Files\Java\jre1.8.0_231\bin\msvcr100.dll
0x0000000054fd0000 - 0x0000000055876000 	C:\Program Files\Java\jre1.8.0_231\bin\server\jvm.dll
0x00007ffc38a80000 - 0x00007ffc38a88000 	C:\Windows\System32\PSAPI.DLL
0x00007ffc33fa0000 - 0x00007ffc33fa9000 	C:\Windows\SYSTEM32\WSOCK32.dll
0x00007ffc2fb70000 - 0x00007ffc2fb94000 	C:\Windows\SYSTEM32\WINMM.dll
0x00007ffc38e60000 - 0x00007ffc38ecd000 	C:\Windows\System32\WS2_32.dll
0x00007ffc32e80000 - 0x00007ffc32e8a000 	C:\Windows\SYSTEM32\VERSION.dll
0x00007ffc2fa50000 - 0x00007ffc2fa7d000 	C:\Windows\SYSTEM32\WINMMBASE.dll
0x00007ffc37800000 - 0x00007ffc3784a000 	C:\Windows\System32\cfgmgr32.dll
0x00007ffc2c600000 - 0x00007ffc2c60f000 	C:\Program Files\Java\jre1.8.0_231\bin\verify.dll
0x00007ffc2a690000 - 0x00007ffc2a6b9000 	C:\Program Files\Java\jre1.8.0_231\bin\java.dll
0x00007ffc2c0d0000 - 0x00007ffc2c0e6000 	C:\Program Files\Java\jre1.8.0_231\bin\zip.dll

VM Arguments:
jvm_args: -Dfile.encoding=Cp1252 
java_command: Main
java_class_path (initial): C:\Users\jakki\eclipse-workspace\Tetris\bin
Launcher Type: SUN_STANDARD

Environment Variables:
PATH=C:/Program Files/Java/jre1.8.0_231/bin/server;C:/Program Files/Java/jre1.8.0_231/bin;C:/Program Files/Java/jre1.8.0_231/lib/amd64;C:\Program Files (x86)\Common Files\Oracle\Java\javapath;C:\Python\Python37\Scripts\;C:\Python\Python37\;C:\Windows\system32;C:\Windows;C:\Windows\System32\Wbem;C:\Windows\System32\WindowsPowerShell\v1.0\;C:\Windows\System32\OpenSSH\;C:\Program Files (x86)\ATI Technologies\ATI.ACE\Core-Static;C:\Program Files\dotnet\;C:\Program Files\Microsoft SQL Server\130\Tools\Binn\;C:\Program Files\Microsoft SQL Server\Client SDK\ODBC\170\Tools\Binn\;C:\Program Files (x86)\NVIDIA Corporation\PhysX\Common;C:\Program Files\nodejs\;C:\Program Files\Git\cmd;C:\Program Files\Git\mingw64\bin;C:\Program Files\Git\usr\bin;C:\Users\jakki\Anaconda3;C:\Users\jakki\Anaconda3\Library\mingw-w64\bin;C:\Users\jakki\Anaconda3\Library\usr\bin;C:\Users\jakki\Anaconda3\Library\bin;C:\Users\jakki\Anaconda3\Scripts;C:\Users\jakki\AppData\Local\Microsoft\WindowsApps;C:\Users\jakki\AppData\Roaming\npm;C:\Users\jakki\AppData\Local\Programs\Microsoft VS Code\bin;C:\Program Files\Java\jdk1.8.0_231\bin;C:\Program Files\Java\jdk1.8.0_231\bin;C:\Program Files\heroku\bin;C:\Users\jakki\OneDrive\Desktop;
USERNAME=jakki
OS=Windows_NT
PROCESSOR_IDENTIFIER=Intel64 Family 6 Model 23 Stepping 10, GenuineIntel



---------------  S Y S T E M  ---------------

OS: Windows 10.0 , 64 bit Build 17763 (10.0.17763.475)

CPU:total 4 (initial active 4) (4 cores per cpu, 1 threads per core) family 6 model 23 stepping 10, cmov, cx8, fxsr, mmx, sse, sse2, sse3, ssse3, sse4.1, tsc

Memory: 4k page, physical 8387700k(2853740k free), swap 33553524k(6120k free)

vm_info: Java HotSpot(TM) 64-Bit Server VM (25.231-b11) for windows-amd64 JRE (1.8.0_231-b11), built on Oct  5 2019 03:11:30 by "java_re" with MS VC++ 10.0 (VS2010)

time: Sat Feb 22 10:15:09 2020
timezone: Suomen normaaliaika
elapsed time: 0 seconds (0d 0h 0m 0s)

