#
# There is insufficient memory for the Java Runtime Environment to continue.
# Native memory allocation (malloc) failed to allocate 32744 bytes for ChunkPool::allocate
# Possible reasons:
#   The system is out of physical RAM or swap space
#   The process is running with CompressedOops enabled, and the Java Heap may be blocking the growth of the native heap
# Possible solutions:
#   Reduce memory load on the system
#   Increase physical memory or swap space
#   Check if swap backing store is full
#   Decrease Java heap size (-Xmx/-Xms)
#   Decrease number of Java threads
#   Decrease Java thread stack sizes (-Xss)
#   Set larger code cache with -XX:ReservedCodeCacheSize=
#   JVM is running with Unscaled Compressed Oops mode in which the Java heap is
#     placed in the first 4GB address space. The Java Heap base address is the
#     maximum limit for the native heap growth. Please use -XX:HeapBaseMinAddress
#     to set the Java Heap base and to place the Java Heap above 4GB virtual address.
# This output file may be truncated or incomplete.
#
#  Out of Memory Error (allocation.cpp:272), pid=5036, tid=0x00000000000040fc
#
# JRE version: Java(TM) SE Runtime Environment (8.0_231-b11) (build 1.8.0_231-b11)
# Java VM: Java HotSpot(TM) 64-Bit Server VM (25.231-b11 mixed mode windows-amd64 compressed oops)
# Failed to write core dump. Minidumps are not enabled by default on client versions of Windows
#

---------------  T H R E A D  ---------------

Current thread (0x0000000017c4f000):  JavaThread "C2 CompilerThread0" daemon [_thread_in_native, id=16636, stack(0x00000000192a0000,0x00000000193a0000)]

Stack: [0x00000000192a0000,0x00000000193a0000]
[error occurred during error reporting (printing stack bounds), id 0xc0000005]

Native frames: (J=compiled Java code, j=interpreted, Vv=VM code, C=native code)


Current CompileTask:
C2:6082082  657       4       java.util.HashMap::putVal (300 bytes)


---------------  P R O C E S S  ---------------

Java Threads: ( => current thread )
  0x0000000022a0d800 JavaThread "D3D Screen Updater" daemon [_thread_blocked, id=11044, stack(0x00000000232b0000,0x00000000233b0000)]
  0x0000000000dfe000 JavaThread "DestroyJavaVM" [_thread_blocked, id=21460, stack(0x0000000002db0000,0x0000000002eb0000)]
  0x0000000019990000 JavaThread "AWT-EventQueue-0" [_thread_blocked, id=4888, stack(0x00000000220b0000,0x00000000221b0000)]
  0x000000001997c800 JavaThread "TimerQueue" daemon [_thread_blocked, id=8944, stack(0x000000001b170000,0x000000001b270000)]
  0x0000000019964800 JavaThread "AWT-Windows" daemon [_thread_in_native, id=1036, stack(0x0000000019ee0000,0x0000000019fe0000)]
  0x0000000019918000 JavaThread "AWT-Shutdown" [_thread_blocked, id=14756, stack(0x0000000019de0000,0x0000000019ee0000)]
  0x0000000019906800 JavaThread "Java2D Disposer" daemon [_thread_blocked, id=10896, stack(0x0000000019ce0000,0x0000000019de0000)]
  0x00000000195cd000 JavaThread "Service Thread" daemon [_thread_blocked, id=19216, stack(0x00000000199a0000,0x0000000019aa0000)]
  0x0000000017c5d800 JavaThread "C1 CompilerThread2" daemon [_thread_blocked, id=17380, stack(0x00000000194a0000,0x00000000195a0000)]
  0x0000000017c57800 JavaThread "C2 CompilerThread1" daemon [_thread_blocked, id=10588, stack(0x00000000193a0000,0x00000000194a0000)]
=>0x0000000017c4f000 JavaThread "C2 CompilerThread0" daemon [_thread_in_native, id=16636, stack(0x00000000192a0000,0x00000000193a0000)]
  0x0000000017c4d000 JavaThread "Attach Listener" daemon [_thread_blocked, id=21348, stack(0x00000000191a0000,0x00000000192a0000)]
  0x0000000017c4b800 JavaThread "Signal Dispatcher" daemon [_thread_blocked, id=23344, stack(0x00000000190a0000,0x00000000191a0000)]
  0x0000000017c3a800 JavaThread "Finalizer" daemon [_thread_blocked, id=9660, stack(0x0000000018ea0000,0x0000000018fa0000)]
  0x0000000003021000 JavaThread "Reference Handler" daemon [_thread_blocked, id=14544, stack(0x0000000018da0000,0x0000000018ea0000)]

Other Threads:
  0x0000000017c18000 VMThread [stack: 0x0000000018ca0000,0x0000000018da0000] [id=18264]
  0x00000000195fe000 WatcherThread [stack: 0x0000000019aa0000,0x0000000019ba0000] [id=21800]

VM state:not at safepoint (normal execution)

VM Mutex/Monitor currently owned by a thread: None

heap address: 0x0000000080000000, size: 2048 MB, Compressed Oops mode: 32-bit
Narrow klass base: 0x0000000000000000, Narrow klass shift: 3
Compressed class space size: 1073741824 Address: 0x0000000100000000

Heap:
 PSYoungGen      total 38400K, used 13313K [0x00000000d5580000, 0x00000000d8000000, 0x0000000100000000)
  eden space 33280K, 40% used [0x00000000d5580000,0x00000000d6280498,0x00000000d7600000)
  from space 5120K, 0% used [0x00000000d7b00000,0x00000000d7b00000,0x00000000d8000000)
  to   space 5120K, 0% used [0x00000000d7600000,0x00000000d7600000,0x00000000d7b00000)
 ParOldGen       total 87552K, used 0K [0x0000000080000000, 0x0000000085580000, 0x00000000d5580000)
  object space 87552K, 0% used [0x0000000080000000,0x0000000080000000,0x0000000085580000)
 Metaspace       used 8546K, capacity 8730K, committed 8832K, reserved 1056768K
  class space    used 1021K, capacity 1097K, committed 1152K, reserved 1048576K

Card table byte_map: [0x00000000123f0000,0x0000000012800000] byte_map_base: 0x0000000011ff0000

Marking Bits: (ParMarkBitMap*) 0x00000000557f6d90
 Begin Bits: [0x0000000012eb0000, 0x0000000014eb0000)
 End Bits:   [0x0000000014eb0000, 0x0000000016eb0000)

Polling page: 0x0000000000de0000

CodeCache: size=245760Kb used=2739Kb max_used=2750Kb free=243021Kb
 bounds [0x0000000003030000, 0x00000000032f0000, 0x0000000012030000]
 total_blobs=1075 nmethods=656 adapters=334
 compilation: enabled

Compilation events (10 events):
Event: 5794.756 Thread 0x0000000017c5d800 nmethod 652 0x00000000032dacd0 code [0x00000000032daf20, 0x00000000032dc148]
Event: 5794.757 Thread 0x0000000017c5d800  653       3       java.beans.PropertyChangeSupport::firePropertyChange (35 bytes)
Event: 5794.759 Thread 0x0000000017c5d800 nmethod 653 0x00000000032c2c90 code [0x00000000032c2e40, 0x00000000032c34e8]
Event: 5794.759 Thread 0x0000000017c5d800  654   !   3       java.awt.Toolkit::setDesktopProperty (81 bytes)
Event: 5794.760 Thread 0x0000000017c5d800 nmethod 654 0x00000000032dc890 code [0x00000000032dcac0, 0x00000000032dd9c8]
Event: 5795.599 Thread 0x0000000017c5d800  655       1       java.util.HashMap::afterNodeAccess (1 bytes)
Event: 5795.599 Thread 0x0000000017c5d800 nmethod 655 0x00000000032c6710 code [0x00000000032c6860, 0x00000000032c6970]
Event: 6081.756 Thread 0x0000000017c57800  656       4       java.lang.String::compareTo (78 bytes)
Event: 6081.759 Thread 0x0000000017c57800 nmethod 656 0x00000000032c6310 code [0x00000000032c6460, 0x00000000032c65f8]
Event: 6082.074 Thread 0x0000000017c4f000  657       4       java.util.HashMap::putVal (300 bytes)

GC Heap History (0 events):
No events

Deoptimization events (2 events):
Event: 7.945 Thread 0x0000000019990000 Uncommon trap: reason=unstable_if action=reinterpret pc=0x00000000032a6674 method=java.security.AccessControlContext.optimize()Ljava/security/AccessControlContext; @ 206
Event: 5794.665 Thread 0x0000000019964800 Uncommon trap: reason=unstable_if action=reinterpret pc=0x00000000032c42e0 method=java.util.Arrays.copyOf([Ljava/lang/Object;ILjava/lang/Class;)[Ljava/lang/Object; @ 3

Classes redefined (0 events):
No events

Internal exceptions (10 events):
Event: 0.129 Thread 0x0000000000dfe000 Exception <a 'java/security/PrivilegedActionException'> (0x00000000d56015d0) thrown at [C:\re\workspace\8-2-build-windows-amd64-cygwin\jdk8u231\13620\hotspot\src\share\vm\prims\jvm.cpp, line 1502]
Event: 0.129 Thread 0x0000000000dfe000 Exception <a 'java/security/PrivilegedActionException'> (0x00000000d56017e0) thrown at [C:\re\workspace\8-2-build-windows-amd64-cygwin\jdk8u231\13620\hotspot\src\share\vm\prims\jvm.cpp, line 1502]
Event: 0.130 Thread 0x0000000000dfe000 Exception <a 'java/security/PrivilegedActionException'> (0x00000000d5605450) thrown at [C:\re\workspace\8-2-build-windows-amd64-cygwin\jdk8u231\13620\hotspot\src\share\vm\prims\jvm.cpp, line 1502]
Event: 0.130 Thread 0x0000000000dfe000 Exception <a 'java/security/PrivilegedActionException'> (0x00000000d5605660) thrown at [C:\re\workspace\8-2-build-windows-amd64-cygwin\jdk8u231\13620\hotspot\src\share\vm\prims\jvm.cpp, line 1502]
Event: 0.140 Thread 0x0000000000dfe000 Exception <a 'java/io/FileNotFoundException'> (0x00000000d560dcd0) thrown at [C:\re\workspace\8-2-build-windows-amd64-cygwin\jdk8u231\13620\hotspot\src\share\vm\prims\jni.cpp, line 710]
Event: 0.186 Thread 0x0000000000dfe000 Exception <a 'java/lang/NoSuchFieldError': method resolution failed> (0x00000000d5784b08) thrown at [C:\re\workspace\8-2-build-windows-amd64-cygwin\jdk8u231\13620\hotspot\src\share\vm\prims\methodHandles.cpp, line 1167]
Event: 0.187 Thread 0x0000000000dfe000 Exception <a 'java/lang/NoSuchFieldError': method resolution failed> (0x00000000d5791ed8) thrown at [C:\re\workspace\8-2-build-windows-amd64-cygwin\jdk8u231\13620\hotspot\src\share\vm\prims\methodHandles.cpp, line 1167]
Event: 0.288 Thread 0x0000000000dfe000 Exception <a 'java/io/FileNotFoundException'> (0x00000000d587b038) thrown at [C:\re\workspace\8-2-build-windows-amd64-cygwin\jdk8u231\13620\hotspot\src\share\vm\prims\jni.cpp, line 710]
Event: 0.460 Thread 0x0000000019990000 Exception <a 'java/lang/ArrayIndexOutOfBoundsException': -1> (0x00000000d5a0dec0) thrown at [C:\re\workspace\8-2-build-windows-amd64-cygwin\jdk8u231\13620\hotspot\src\share\vm\interpreter\interpreterRuntime.cpp, line 368]
Event: 0.460 Thread 0x0000000019990000 Exception <a 'java/lang/ArrayIndexOutOfBoundsException'> (0x00000000d5a0dec0) thrown at [C:\re\workspace\8-2-build-windows-amd64-cygwin\jdk8u231\13620\hotspot\src\share\vm\prims\jvm.cpp, line 1506]

Events (10 events):
Event: 7.936 loading class sun/awt/SunToolkit$1
Event: 7.936 loading class sun/awt/SunToolkit$1 done
Event: 7.945 Thread 0x0000000019990000 Uncommon trap: trap_request=0xffffff65 fr.pc=0x00000000032a6674
Event: 7.945 Thread 0x0000000019990000 DEOPT PACKING pc=0x00000000032a6674 sp=0x00000000221ad120
Event: 7.945 Thread 0x0000000019990000 DEOPT UNPACKING pc=0x000000000307557b sp=0x00000000221ad088 mode 2
Event: 5505.606 Thread 0x0000000022a0d800 DEOPT PACKING pc=0x00000000032d18dc sp=0x00000000233aef70
Event: 5505.607 Thread 0x0000000022a0d800 DEOPT UNPACKING pc=0x00000000030771d0 sp=0x00000000233aed78 mode 0
Event: 5794.665 Thread 0x0000000019964800 Uncommon trap: trap_request=0xffffff65 fr.pc=0x00000000032c42e0
Event: 5794.665 Thread 0x0000000019964800 DEOPT PACKING pc=0x00000000032c42e0 sp=0x0000000019fdd6c0
Event: 5794.665 Thread 0x0000000019964800 DEOPT UNPACKING pc=0x000000000307557b sp=0x0000000019fdd688 mode 2


Dynamic libraries:
0x00007ff7b6ab0000 - 0x00007ff7b6ae7000 	C:\Program Files\Java\jre1.8.0_231\bin\javaw.exe
0x00007ffc3b280000 - 0x00007ffc3b46d000 	C:\Windows\SYSTEM32\ntdll.dll
0x00007ffc38840000 - 0x00007ffc388f3000 	C:\Windows\System32\KERNEL32.DLL
0x00007ffc37ab0000 - 0x00007ffc37d43000 	C:\Windows\System32\KERNELBASE.dll
0x00007ffc38ac0000 - 0x00007ffc38b63000 	C:\Windows\System32\ADVAPI32.dll
0x00007ffc38900000 - 0x00007ffc3899e000 	C:\Windows\System32\msvcrt.dll
0x00007ffc38d60000 - 0x00007ffc38dfe000 	C:\Windows\System32\sechost.dll
0x00007ffc3b120000 - 0x00007ffc3b242000 	C:\Windows\System32\RPCRT4.dll
0x00007ffc394d0000 - 0x00007ffc39667000 	C:\Windows\System32\USER32.dll
0x00007ffc37340000 - 0x00007ffc37360000 	C:\Windows\System32\win32u.dll
0x00007ffc38a90000 - 0x00007ffc38ab9000 	C:\Windows\System32\GDI32.dll
0x00007ffc37630000 - 0x00007ffc377c9000 	C:\Windows\System32\gdi32full.dll
0x00007ffc37360000 - 0x00007ffc37400000 	C:\Windows\System32\msvcp_win.dll
0x00007ffc37420000 - 0x00007ffc3751a000 	C:\Windows\System32\ucrtbase.dll
0x00007ffc29840000 - 0x00007ffc29ab9000 	C:\Windows\WinSxS\amd64_microsoft.windows.common-controls_6595b64144ccf1df_6.0.17763.1039_none_de701650534c7021\COMCTL32.dll
0x00007ffc38500000 - 0x00007ffc3882c000 	C:\Windows\System32\combase.dll
0x00007ffc37850000 - 0x00007ffc378ce000 	C:\Windows\System32\bcryptPrimitives.dll
0x00007ffc38a50000 - 0x00007ffc38a7e000 	C:\Windows\System32\IMM32.DLL
0x0000000054e10000 - 0x0000000054ee2000 	C:\Program Files\Java\jre1.8.0_231\bin\msvcr100.dll
0x0000000054fd0000 - 0x0000000055876000 	C:\Program Files\Java\jre1.8.0_231\bin\server\jvm.dll
0x00007ffc38a80000 - 0x00007ffc38a88000 	C:\Windows\System32\PSAPI.DLL
0x00007ffc33fa0000 - 0x00007ffc33fa9000 	C:\Windows\SYSTEM32\WSOCK32.dll
0x00007ffc38e60000 - 0x00007ffc38ecd000 	C:\Windows\System32\WS2_32.dll
0x00007ffc2fb70000 - 0x00007ffc2fb94000 	C:\Windows\SYSTEM32\WINMM.dll
0x00007ffc32e80000 - 0x00007ffc32e8a000 	C:\Windows\SYSTEM32\VERSION.dll
0x00007ffc2fa50000 - 0x00007ffc2fa7d000 	C:\Windows\SYSTEM32\winmmbase.dll
0x00007ffc37800000 - 0x00007ffc3784a000 	C:\Windows\System32\cfgmgr32.dll
0x00007ffc2c600000 - 0x00007ffc2c60f000 	C:\Program Files\Java\jre1.8.0_231\bin\verify.dll
0x00007ffc2a690000 - 0x00007ffc2a6b9000 	C:\Program Files\Java\jre1.8.0_231\bin\java.dll
0x00007ffc2c0d0000 - 0x00007ffc2c0e6000 	C:\Program Files\Java\jre1.8.0_231\bin\zip.dll
0x00007ffc39b10000 - 0x00007ffc3b004000 	C:\Windows\System32\SHELL32.dll
0x00007ffc389a0000 - 0x00007ffc38a48000 	C:\Windows\System32\shcore.dll
0x00007ffc37d50000 - 0x00007ffc3849d000 	C:\Windows\System32\windows.storage.dll
0x00007ffc372f0000 - 0x00007ffc37314000 	C:\Windows\System32\profapi.dll
0x00007ffc37270000 - 0x00007ffc372cd000 	C:\Windows\System32\powrprof.dll
0x00007ffc39040000 - 0x00007ffc39092000 	C:\Windows\System32\shlwapi.dll
0x00007ffc372d0000 - 0x00007ffc372e1000 	C:\Windows\System32\kernel.appcore.dll
0x00007ffc37400000 - 0x00007ffc37417000 	C:\Windows\System32\cryptsp.dll
0x00007ffc0bdf0000 - 0x00007ffc0bf8a000 	C:\Program Files\Java\jre1.8.0_231\bin\awt.dll
0x00007ffc39400000 - 0x00007ffc394c4000 	C:\Windows\System32\OLEAUT32.dll
0x00007ffc35600000 - 0x00007ffc3568c000 	C:\Windows\SYSTEM32\apphelp.dll
0x00007ffc35560000 - 0x00007ffc355fc000 	C:\Windows\system32\uxtheme.dll
0x00007ffc38bf0000 - 0x00007ffc38d5c000 	C:\Windows\System32\MSCTF.dll
0x00007ffc35930000 - 0x00007ffc3595e000 	C:\Windows\system32\dwmapi.dll
0x00007ffc378d0000 - 0x00007ffc37aac000 	C:\Windows\System32\CRYPT32.dll
0x00007ffc37320000 - 0x00007ffc37332000 	C:\Windows\System32\MSASN1.dll
0x00007ffc38ee0000 - 0x00007ffc39035000 	C:\Windows\System32\ole32.dll
0x00007ffc0bcc0000 - 0x00007ffc0bde7000 	C:\Windows\system32\opengl32.dll
0x00007ffc33a50000 - 0x00007ffc33a7c000 	C:\Windows\SYSTEM32\GLU32.dll
0x00007ffc288a0000 - 0x00007ffc28a3e000 	C:\Windows\system32\d3d9.dll
0x00007ffc2c610000 - 0x00007ffc2c6fe000 	C:\Windows\System32\DriverStore\FileRepository\nv_dispi.inf_amd64_db678424d2641c3d\nvldumdx.dll
0x00007ffc375d0000 - 0x00007ffc37629000 	C:\Windows\System32\WINTRUST.DLL
0x00007ffc39670000 - 0x00007ffc3968d000 	C:\Windows\System32\imagehlp.dll
0x00007ffc36600000 - 0x00007ffc36633000 	C:\Windows\system32\rsaenh.dll
0x00007ffc377d0000 - 0x00007ffc377f6000 	C:\Windows\System32\bcrypt.dll
0x00007ffc36c50000 - 0x00007ffc36c5c000 	C:\Windows\SYSTEM32\CRYPTBASE.dll
0x00007ffbfd750000 - 0x00007ffbfebeb000 	C:\Windows\System32\DriverStore\FileRepository\nv_dispi.inf_amd64_db678424d2641c3d\nvd3dumx.dll
0x0000000180000000 - 0x00000001801a7000 	C:\Windows\system32\nvspcap64.dll
0x00007ffc39690000 - 0x00007ffc39b06000 	C:\Windows\System32\SETUPAPI.dll
0x00007ffc32b20000 - 0x00007ffc32c12000 	C:\Windows\SYSTEM32\WINHTTP.dll
0x00007ffc27e40000 - 0x00007ffc2834c000 	C:\Windows\system32\nvapi64.dll
0x00007ffc2c800000 - 0x00007ffc2c8ad000 	C:\Windows\SYSTEM32\mscms.dll
0x00007ffc35fa0000 - 0x00007ffc36062000 	C:\Windows\SYSTEM32\dxgi.dll
0x00007ffc371a0000 - 0x00007ffc371c8000 	C:\Windows\SYSTEM32\USERENV.dll
0x00007ffc35860000 - 0x00007ffc35870000 	C:\Windows\SYSTEM32\ColorAdapterClient.dll
0x00007ffc37170000 - 0x00007ffc3719f000 	C:\Windows\SYSTEM32\SspiCli.dll
0x00007ffc35f20000 - 0x00007ffc35f42000 	C:\Windows\SYSTEM32\gpapi.dll
0x00007ffc2b2b0000 - 0x00007ffc2b2df000 	C:\Windows\SYSTEM32\cryptnet.dll
0x00007ffc26950000 - 0x00007ffc26999000 	C:\Program Files\Java\jre1.8.0_231\bin\fontmanager.dll
0x00007ffc2c8b0000 - 0x00007ffc2c945000 	C:\Windows\System32\TextInputFramework.dll
0x00007ffc26460000 - 0x00007ffc26782000 	C:\Windows\System32\CoreUIComponents.dll
0x00007ffc35090000 - 0x00007ffc35172000 	C:\Windows\System32\CoreMessaging.dll
0x00007ffc362e0000 - 0x00007ffc36311000 	C:\Windows\SYSTEM32\ntmarta.dll
0x00007ffc32ef0000 - 0x00007ffc33043000 	C:\Windows\SYSTEM32\wintypes.dll

VM Arguments:
jvm_args: -Dfile.encoding=Cp1252 
java_command: Main
java_class_path (initial): C:\Users\jakki\eclipse-workspace\Tetris\bin
Launcher Type: SUN_STANDARD

Environment Variables:
PATH=C:/Program Files/Java/jre1.8.0_231/bin/server;C:/Program Files/Java/jre1.8.0_231/bin;C:/Program Files/Java/jre1.8.0_231/lib/amd64;C:\Program Files (x86)\Common Files\Oracle\Java\javapath;C:\Python\Python37\Scripts\;C:\Python\Python37\;C:\Windows\system32;C:\Windows;C:\Windows\System32\Wbem;C:\Windows\System32\WindowsPowerShell\v1.0\;C:\Windows\System32\OpenSSH\;C:\Program Files (x86)\ATI Technologies\ATI.ACE\Core-Static;C:\Program Files\dotnet\;C:\Program Files\Microsoft SQL Server\130\Tools\Binn\;C:\Program Files\Microsoft SQL Server\Client SDK\ODBC\170\Tools\Binn\;C:\Program Files (x86)\NVIDIA Corporation\PhysX\Common;C:\Program Files\nodejs\;C:\Program Files\Git\cmd;C:\Program Files\Git\mingw64\bin;C:\Program Files\Git\usr\bin;C:\Users\jakki\Anaconda3;C:\Users\jakki\Anaconda3\Library\mingw-w64\bin;C:\Users\jakki\Anaconda3\Library\usr\bin;C:\Users\jakki\Anaconda3\Library\bin;C:\Users\jakki\Anaconda3\Scripts;C:\Users\jakki\AppData\Local\Microsoft\WindowsApps;C:\Users\jakki\AppData\Roaming\npm;C:\Users\jakki\AppData\Local\Programs\Microsoft VS Code\bin;C:\Program Files\Java\jdk1.8.0_231\bin;C:\Program Files\Java\jdk1.8.0_231\bin;C:\Program Files\heroku\bin;C:\Windows\system32;
USERNAME=jakki
OS=Windows_NT
PROCESSOR_IDENTIFIER=Intel64 Family 6 Model 23 Stepping 10, GenuineIntel



---------------  S Y S T E M  ---------------

OS: Windows 10.0 , 64 bit Build 17763 (10.0.17763.475)

CPU:total 4 (initial active 4) (4 cores per cpu, 1 threads per core) family 6 model 23 stepping 10, cmov, cx8, fxsr, mmx, sse, sse2, sse3, ssse3, sse4.1, tsc

Memory: 4k page, physical 8387700k(2274876k free), swap 33553524k(64k free)

vm_info: Java HotSpot(TM) 64-Bit Server VM (25.231-b11) for windows-amd64 JRE (1.8.0_231-b11), built on Oct  5 2019 03:11:30 by "java_re" with MS VC++ 10.0 (VS2010)

time: Sat Feb 22 09:26:36 2020
timezone: Suomen normaaliaika
elapsed time: 6082 seconds (0d 1h 41m 22s)

