#
# There is insufficient memory for the Java Runtime Environment to continue.
# Native memory allocation (malloc) failed to allocate 32744 bytes for ChunkPool::allocate
# Possible reasons:
#   The system is out of physical RAM or swap space
#   The process is running with CompressedOops enabled, and the Java Heap may be blocking the growth of the native heap
# Possible solutions:
#   Reduce memory load on the system
#   Increase physical memory or swap space
#   Check if swap backing store is full
#   Decrease Java heap size (-Xmx/-Xms)
#   Decrease number of Java threads
#   Decrease Java thread stack sizes (-Xss)
#   Set larger code cache with -XX:ReservedCodeCacheSize=
#   JVM is running with Unscaled Compressed Oops mode in which the Java heap is
#     placed in the first 4GB address space. The Java Heap base address is the
#     maximum limit for the native heap growth. Please use -XX:HeapBaseMinAddress
#     to set the Java Heap base and to place the Java Heap above 4GB virtual address.
# This output file may be truncated or incomplete.
#
#  Out of Memory Error (allocation.cpp:272), pid=10356, tid=0x0000000000004e8c
#
# JRE version: Java(TM) SE Runtime Environment (8.0_231-b11) (build 1.8.0_231-b11)
# Java VM: Java HotSpot(TM) 64-Bit Server VM (25.231-b11 mixed mode windows-amd64 compressed oops)
# Failed to write core dump. Minidumps are not enabled by default on client versions of Windows
#

---------------  T H R E A D  ---------------

Current thread (0x00000000173b0000):  JavaThread "C1 CompilerThread2" daemon [_thread_in_native, id=20108, stack(0x0000000018c30000,0x0000000018d30000)]

Stack: [0x0000000018c30000,0x0000000018d30000]
[error occurred during error reporting (printing stack bounds), id 0xc0000005]

Native frames: (J=compiled Java code, j=interpreted, Vv=VM code, C=native code)


Current CompileTask:
C1:1433412  739   !   3       java.util.concurrent.locks.AbstractQueuedSynchronizer::acquireQueued (93 bytes)


---------------  P R O C E S S  ---------------

Java Threads: ( => current thread )
  0x0000000019121000 JavaThread "D3D Screen Updater" daemon [_thread_blocked, id=20720, stack(0x00000000221d0000,0x00000000222d0000)]
  0x00000000003ee000 JavaThread "DestroyJavaVM" [_thread_blocked, id=20996, stack(0x00000000024f0000,0x00000000025f0000)]
  0x00000000190c8800 JavaThread "AWT-EventQueue-0" [_thread_blocked, id=21444, stack(0x0000000021fd0000,0x00000000220d0000)]
  0x00000000190a1000 JavaThread "TimerQueue" daemon [_thread_blocked, id=20012, stack(0x000000001a890000,0x000000001a990000)]
  0x000000001908b800 JavaThread "AWT-Windows" daemon [_thread_in_native, id=21168, stack(0x0000000019670000,0x0000000019770000)]
  0x000000001908b000 JavaThread "AWT-Shutdown" [_thread_blocked, id=21148, stack(0x0000000019570000,0x0000000019670000)]
  0x000000001908a800 JavaThread "Java2D Disposer" daemon [_thread_blocked, id=20876, stack(0x0000000019470000,0x0000000019570000)]
  0x0000000018d56800 JavaThread "Service Thread" daemon [_thread_blocked, id=6820, stack(0x0000000019130000,0x0000000019230000)]
=>0x00000000173b0000 JavaThread "C1 CompilerThread2" daemon [_thread_in_native, id=20108, stack(0x0000000018c30000,0x0000000018d30000)]
  0x00000000173a7000 JavaThread "C2 CompilerThread1" daemon [_thread_blocked, id=21500, stack(0x0000000018b30000,0x0000000018c30000)]
  0x000000001739e000 JavaThread "C2 CompilerThread0" daemon [_thread_blocked, id=15244, stack(0x0000000018a30000,0x0000000018b30000)]
  0x000000001739c000 JavaThread "Attach Listener" daemon [_thread_blocked, id=15224, stack(0x0000000018930000,0x0000000018a30000)]
  0x000000001739a800 JavaThread "Signal Dispatcher" daemon [_thread_blocked, id=17424, stack(0x0000000018830000,0x0000000018930000)]
  0x000000001738a800 JavaThread "Finalizer" daemon [_thread_blocked, id=20568, stack(0x0000000018630000,0x0000000018730000)]
  0x0000000002770000 JavaThread "Reference Handler" daemon [_thread_blocked, id=6616, stack(0x0000000018530000,0x0000000018630000)]

Other Threads:
  0x0000000017368000 VMThread [stack: 0x0000000018430000,0x0000000018530000] [id=20140]
  0x0000000018d57800 WatcherThread [stack: 0x0000000019230000,0x0000000019330000] [id=11464]

VM state:not at safepoint (normal execution)

VM Mutex/Monitor currently owned by a thread: None

heap address: 0x0000000080000000, size: 2048 MB, Compressed Oops mode: 32-bit
Narrow klass base: 0x0000000000000000, Narrow klass shift: 3
Compressed class space size: 1073741824 Address: 0x0000000100000000

Heap:
 PSYoungGen      total 38400K, used 9985K [0x00000000d5580000, 0x00000000d8000000, 0x0000000100000000)
  eden space 33280K, 30% used [0x00000000d5580000,0x00000000d5f404b0,0x00000000d7600000)
  from space 5120K, 0% used [0x00000000d7b00000,0x00000000d7b00000,0x00000000d8000000)
  to   space 5120K, 0% used [0x00000000d7600000,0x00000000d7600000,0x00000000d7b00000)
 ParOldGen       total 87552K, used 0K [0x0000000080000000, 0x0000000085580000, 0x00000000d5580000)
  object space 87552K, 0% used [0x0000000080000000,0x0000000080000000,0x0000000085580000)
 Metaspace       used 8579K, capacity 8712K, committed 8832K, reserved 1056768K
  class space    used 1019K, capacity 1094K, committed 1152K, reserved 1048576K

Card table byte_map: [0x0000000011b40000,0x0000000011f50000] byte_map_base: 0x0000000011740000

Marking Bits: (ParMarkBitMap*) 0x00000000557f6d90
 Begin Bits: [0x0000000012600000, 0x0000000014600000)
 End Bits:   [0x0000000014600000, 0x0000000016600000)

Polling page: 0x0000000000750000

CodeCache: size=245760Kb used=3040Kb max_used=3061Kb free=242719Kb
 bounds [0x0000000002780000, 0x0000000002a90000, 0x0000000011780000]
 total_blobs=1157 nmethods=738 adapters=334
 compilation: enabled

Compilation events (10 events):
Event: 1367.348 Thread 0x000000001739e000 nmethod 734 0x0000000002a68b90 code [0x0000000002a68d80, 0x0000000002a69b90]
Event: 1368.229 Thread 0x00000000173a7000  735       4       java.lang.Thread::isInterrupted (6 bytes)
Event: 1368.229 Thread 0x00000000173a7000 nmethod 735 0x0000000002a4b450 code [0x0000000002a4b5a0, 0x0000000002a4b648]
Event: 1368.531 Thread 0x000000001739e000  736   !   4       java.awt.EventDispatchThread::filterAndCheckEvent (108 bytes)
Event: 1368.537 Thread 0x000000001739e000 nmethod 736 0x0000000002a70150 code [0x0000000002a702a0, 0x0000000002a70738]
Event: 1406.239 Thread 0x00000000173a7000  737       4       java.awt.EventQueue$3::run (5 bytes)
Event: 1406.291 Thread 0x00000000173a7000 nmethod 737 0x0000000002a74250 code [0x0000000002a74620, 0x0000000002a76630]
Event: 1407.743 Thread 0x000000001739e000  738   !   4       java.awt.EventDispatchThread::pumpOneEventForFilters (190 bytes)
Event: 1407.820 Thread 0x000000001739e000 nmethod 738 0x0000000002a80390 code [0x0000000002a80720, 0x0000000002a82cb8]
Event: 1433.369 Thread 0x00000000173b0000  739   !   3       java.util.concurrent.locks.AbstractQueuedSynchronizer::acquireQueued (93 bytes)

GC Heap History (0 events):
No events

Deoptimization events (2 events):
Event: 861.547 Thread 0x00000000190a1000 Uncommon trap: reason=unstable_if action=reinterpret pc=0x0000000002a645cc method=java.util.concurrent.locks.AbstractQueuedSynchronizer.enq(Ljava/util/concurrent/locks/AbstractQueuedSynchronizer$Node;)Ljava/util/concurrent/locks/AbstractQueuedSynchronizer
Event: 1414.079 Thread 0x00000000190a1000 Uncommon trap: reason=unstable_if action=reinterpret pc=0x0000000002a48690 method=java.util.concurrent.locks.ReentrantLock$Sync.nonfairTryAcquire(I)Z @ 19

Classes redefined (0 events):
No events

Internal exceptions (10 events):
Event: 4.076 Thread 0x00000000190c8800 Exception <a 'java/lang/ArrayIndexOutOfBoundsException'> (0x00000000d5cdc6b8) thrown at [C:\re\workspace\8-2-build-windows-amd64-cygwin\jdk8u231\13620\hotspot\src\share\vm\runtime\sharedRuntime.cpp, line 605]
Event: 4.076 Thread 0x00000000190c8800 Exception <a 'java/lang/ArrayIndexOutOfBoundsException'> (0x00000000d5cdcb30) thrown at [C:\re\workspace\8-2-build-windows-amd64-cygwin\jdk8u231\13620\hotspot\src\share\vm\runtime\sharedRuntime.cpp, line 605]
Event: 4.076 Thread 0x00000000190c8800 Exception <a 'java/lang/ArrayIndexOutOfBoundsException'> (0x00000000d5cdcfa8) thrown at [C:\re\workspace\8-2-build-windows-amd64-cygwin\jdk8u231\13620\hotspot\src\share\vm\runtime\sharedRuntime.cpp, line 605]
Event: 4.076 Thread 0x00000000190c8800 Exception <a 'java/lang/ArrayIndexOutOfBoundsException'> (0x00000000d5cdd420) thrown at [C:\re\workspace\8-2-build-windows-amd64-cygwin\jdk8u231\13620\hotspot\src\share\vm\runtime\sharedRuntime.cpp, line 605]
Event: 4.076 Thread 0x00000000190c8800 Exception <a 'java/lang/ArrayIndexOutOfBoundsException'> (0x00000000d5cdd898) thrown at [C:\re\workspace\8-2-build-windows-amd64-cygwin\jdk8u231\13620\hotspot\src\share\vm\runtime\sharedRuntime.cpp, line 605]
Event: 4.076 Thread 0x00000000190c8800 Exception <a 'java/lang/ArrayIndexOutOfBoundsException'> (0x00000000d5cddd10) thrown at [C:\re\workspace\8-2-build-windows-amd64-cygwin\jdk8u231\13620\hotspot\src\share\vm\runtime\sharedRuntime.cpp, line 605]
Event: 4.077 Thread 0x00000000190c8800 Exception <a 'java/lang/ArrayIndexOutOfBoundsException'> (0x00000000d5cde188) thrown at [C:\re\workspace\8-2-build-windows-amd64-cygwin\jdk8u231\13620\hotspot\src\share\vm\runtime\sharedRuntime.cpp, line 605]
Event: 4.077 Thread 0x00000000190c8800 Exception <a 'java/lang/ArrayIndexOutOfBoundsException'> (0x00000000d5cde600) thrown at [C:\re\workspace\8-2-build-windows-amd64-cygwin\jdk8u231\13620\hotspot\src\share\vm\runtime\sharedRuntime.cpp, line 605]
Event: 4.077 Thread 0x00000000190c8800 Exception <a 'java/lang/ArrayIndexOutOfBoundsException'> (0x00000000d5cdea78) thrown at [C:\re\workspace\8-2-build-windows-amd64-cygwin\jdk8u231\13620\hotspot\src\share\vm\runtime\sharedRuntime.cpp, line 605]
Event: 4.077 Thread 0x00000000190c8800 Exception <a 'java/lang/ArrayIndexOutOfBoundsException'> (0x00000000d5cdeef0) thrown at [C:\re\workspace\8-2-build-windows-amd64-cygwin\jdk8u231\13620\hotspot\src\share\vm\runtime\sharedRuntime.cpp, line 605]

Events (10 events):
Event: 4.282 loading class sun/awt/SunToolkit$1
Event: 4.282 loading class sun/awt/SunToolkit$1 done
Event: 861.547 Thread 0x00000000190a1000 Uncommon trap: trap_request=0xffffff65 fr.pc=0x0000000002a645cc
Event: 861.547 Thread 0x00000000190a1000 DEOPT PACKING pc=0x0000000002a645cc sp=0x000000001a98ef10
Event: 861.548 Thread 0x00000000190a1000 DEOPT UNPACKING pc=0x00000000027c557b sp=0x000000001a98ee28 mode 2
Event: 1235.798 loading class java/security/DomainCombiner
Event: 1235.798 loading class java/security/DomainCombiner done
Event: 1414.079 Thread 0x00000000190a1000 Uncommon trap: trap_request=0xffffff65 fr.pc=0x0000000002a48690
Event: 1414.079 Thread 0x00000000190a1000 DEOPT PACKING pc=0x0000000002a48690 sp=0x000000001a98ee50
Event: 1414.079 Thread 0x00000000190a1000 DEOPT UNPACKING pc=0x00000000027c557b sp=0x000000001a98ed00 mode 2


Dynamic libraries:
0x00007ff770380000 - 0x00007ff7703b7000 	C:\Program Files\Java\jre1.8.0_231\bin\javaw.exe
0x00007ffc3b280000 - 0x00007ffc3b46d000 	C:\Windows\SYSTEM32\ntdll.dll
0x00007ffc38840000 - 0x00007ffc388f3000 	C:\Windows\System32\KERNEL32.DLL
0x00007ffc37ab0000 - 0x00007ffc37d43000 	C:\Windows\System32\KERNELBASE.dll
0x00007ffc38ac0000 - 0x00007ffc38b63000 	C:\Windows\System32\ADVAPI32.dll
0x00007ffc38900000 - 0x00007ffc3899e000 	C:\Windows\System32\msvcrt.dll
0x00007ffc38d60000 - 0x00007ffc38dfe000 	C:\Windows\System32\sechost.dll
0x00007ffc3b120000 - 0x00007ffc3b242000 	C:\Windows\System32\RPCRT4.dll
0x00007ffc394d0000 - 0x00007ffc39667000 	C:\Windows\System32\USER32.dll
0x00007ffc37340000 - 0x00007ffc37360000 	C:\Windows\System32\win32u.dll
0x00007ffc38a90000 - 0x00007ffc38ab9000 	C:\Windows\System32\GDI32.dll
0x00007ffc37630000 - 0x00007ffc377c9000 	C:\Windows\System32\gdi32full.dll
0x00007ffc37360000 - 0x00007ffc37400000 	C:\Windows\System32\msvcp_win.dll
0x00007ffc37420000 - 0x00007ffc3751a000 	C:\Windows\System32\ucrtbase.dll
0x00007ffc29840000 - 0x00007ffc29ab9000 	C:\Windows\WinSxS\amd64_microsoft.windows.common-controls_6595b64144ccf1df_6.0.17763.1039_none_de701650534c7021\COMCTL32.dll
0x00007ffc38500000 - 0x00007ffc3882c000 	C:\Windows\System32\combase.dll
0x00007ffc37850000 - 0x00007ffc378ce000 	C:\Windows\System32\bcryptPrimitives.dll
0x00007ffc38a50000 - 0x00007ffc38a7e000 	C:\Windows\System32\IMM32.DLL
0x0000000054e10000 - 0x0000000054ee2000 	C:\Program Files\Java\jre1.8.0_231\bin\msvcr100.dll
0x0000000054fd0000 - 0x0000000055876000 	C:\Program Files\Java\jre1.8.0_231\bin\server\jvm.dll
0x00007ffc38a80000 - 0x00007ffc38a88000 	C:\Windows\System32\PSAPI.DLL
0x00007ffc2a5e0000 - 0x00007ffc2a5e9000 	C:\Windows\SYSTEM32\WSOCK32.dll
0x00007ffc38e60000 - 0x00007ffc38ecd000 	C:\Windows\System32\WS2_32.dll
0x00007ffc32e80000 - 0x00007ffc32e8a000 	C:\Windows\SYSTEM32\VERSION.dll
0x00007ffc2fb70000 - 0x00007ffc2fb94000 	C:\Windows\SYSTEM32\WINMM.dll
0x00007ffc2fa50000 - 0x00007ffc2fa7d000 	C:\Windows\SYSTEM32\WINMMBASE.dll
0x00007ffc37800000 - 0x00007ffc3784a000 	C:\Windows\System32\cfgmgr32.dll
0x00007ffc2a5d0000 - 0x00007ffc2a5df000 	C:\Program Files\Java\jre1.8.0_231\bin\verify.dll
0x00007ffc1b090000 - 0x00007ffc1b0b9000 	C:\Program Files\Java\jre1.8.0_231\bin\java.dll
0x00007ffc271d0000 - 0x00007ffc271e6000 	C:\Program Files\Java\jre1.8.0_231\bin\zip.dll
0x00007ffc39b10000 - 0x00007ffc3b004000 	C:\Windows\System32\SHELL32.dll
0x00007ffc389a0000 - 0x00007ffc38a48000 	C:\Windows\System32\shcore.dll
0x00007ffc37d50000 - 0x00007ffc3849d000 	C:\Windows\System32\windows.storage.dll
0x00007ffc372f0000 - 0x00007ffc37314000 	C:\Windows\System32\profapi.dll
0x00007ffc37270000 - 0x00007ffc372cd000 	C:\Windows\System32\powrprof.dll
0x00007ffc39040000 - 0x00007ffc39092000 	C:\Windows\System32\shlwapi.dll
0x00007ffc372d0000 - 0x00007ffc372e1000 	C:\Windows\System32\kernel.appcore.dll
0x00007ffc37400000 - 0x00007ffc37417000 	C:\Windows\System32\cryptsp.dll
0x00007ffc06410000 - 0x00007ffc065aa000 	C:\Program Files\Java\jre1.8.0_231\bin\awt.dll
0x00007ffc39400000 - 0x00007ffc394c4000 	C:\Windows\System32\OLEAUT32.dll
0x00007ffc35600000 - 0x00007ffc3568c000 	C:\Windows\SYSTEM32\apphelp.dll
0x00007ffc35860000 - 0x00007ffc358fc000 	C:\Windows\system32\uxtheme.dll
0x00007ffc38bf0000 - 0x00007ffc38d5c000 	C:\Windows\System32\MSCTF.dll
0x00007ffc35930000 - 0x00007ffc3595e000 	C:\Windows\system32\dwmapi.dll
0x00007ffc378d0000 - 0x00007ffc37aac000 	C:\Windows\System32\CRYPT32.dll
0x00007ffc37320000 - 0x00007ffc37332000 	C:\Windows\System32\MSASN1.dll
0x00007ffc38ee0000 - 0x00007ffc39035000 	C:\Windows\System32\ole32.dll
0x00007ffc10570000 - 0x00007ffc10697000 	C:\Windows\system32\opengl32.dll
0x00007ffc17370000 - 0x00007ffc1739c000 	C:\Windows\SYSTEM32\GLU32.dll
0x00007ffc2aaf0000 - 0x00007ffc2ac8e000 	C:\Windows\system32\d3d9.dll
0x00007ffc26100000 - 0x00007ffc261ee000 	C:\Windows\System32\DriverStore\FileRepository\nv_dispi.inf_amd64_db678424d2641c3d\nvldumdx.dll
0x00007ffc375d0000 - 0x00007ffc37629000 	C:\Windows\System32\WINTRUST.DLL
0x00007ffc39670000 - 0x00007ffc3968d000 	C:\Windows\System32\imagehlp.dll
0x00007ffc36600000 - 0x00007ffc36633000 	C:\Windows\system32\rsaenh.dll
0x00007ffc377d0000 - 0x00007ffc377f6000 	C:\Windows\System32\bcrypt.dll
0x00007ffc36c50000 - 0x00007ffc36c5c000 	C:\Windows\SYSTEM32\CRYPTBASE.dll
0x00007ffbfb960000 - 0x00007ffbfcdfb000 	C:\Windows\System32\DriverStore\FileRepository\nv_dispi.inf_amd64_db678424d2641c3d\nvd3dumx.dll
0x0000000180000000 - 0x00000001801a7000 	C:\Windows\system32\nvspcap64.dll
0x00007ffc39690000 - 0x00007ffc39b06000 	C:\Windows\System32\SETUPAPI.dll
0x00007ffc32b20000 - 0x00007ffc32c12000 	C:\Windows\SYSTEM32\WINHTTP.dll
0x00007ffc282a0000 - 0x00007ffc287ac000 	C:\Windows\system32\nvapi64.dll
0x00007ffc35fa0000 - 0x00007ffc36062000 	C:\Windows\SYSTEM32\dxgi.dll
0x00007ffc2c850000 - 0x00007ffc2c8fd000 	C:\Windows\SYSTEM32\mscms.dll
0x00007ffc33fd0000 - 0x00007ffc33fe0000 	C:\Windows\SYSTEM32\ColorAdapterClient.dll
0x00007ffc371a0000 - 0x00007ffc371c8000 	C:\Windows\SYSTEM32\USERENV.dll
0x00007ffc37170000 - 0x00007ffc3719f000 	C:\Windows\SYSTEM32\SspiCli.dll
0x00007ffc35f20000 - 0x00007ffc35f42000 	C:\Windows\SYSTEM32\gpapi.dll
0x00007ffc2b2b0000 - 0x00007ffc2b2df000 	C:\Windows\SYSTEM32\cryptnet.dll
0x00007ffc16370000 - 0x00007ffc163b9000 	C:\Program Files\Java\jre1.8.0_231\bin\fontmanager.dll
0x00007ffc287d0000 - 0x00007ffc28865000 	C:\Windows\System32\TextInputFramework.dll
0x00007ffc35090000 - 0x00007ffc35172000 	C:\Windows\System32\CoreMessaging.dll
0x00007ffc26460000 - 0x00007ffc26782000 	C:\Windows\System32\CoreUIComponents.dll
0x00007ffc362e0000 - 0x00007ffc36311000 	C:\Windows\SYSTEM32\ntmarta.dll
0x00007ffc32ef0000 - 0x00007ffc33043000 	C:\Windows\SYSTEM32\wintypes.dll

VM Arguments:
jvm_args: -Dfile.encoding=Cp1252 
java_command: Main
java_class_path (initial): C:\Users\jakki\eclipse-workspace\Tetris\bin
Launcher Type: SUN_STANDARD

Environment Variables:
PATH=C:/Program Files/Java/jre1.8.0_231/bin/server;C:/Program Files/Java/jre1.8.0_231/bin;C:/Program Files/Java/jre1.8.0_231/lib/amd64;C:\Program Files (x86)\Common Files\Oracle\Java\javapath;C:\Python\Python37\Scripts\;C:\Python\Python37\;C:\Windows\system32;C:\Windows;C:\Windows\System32\Wbem;C:\Windows\System32\WindowsPowerShell\v1.0\;C:\Windows\System32\OpenSSH\;C:\Program Files (x86)\ATI Technologies\ATI.ACE\Core-Static;C:\Program Files\dotnet\;C:\Program Files\Microsoft SQL Server\130\Tools\Binn\;C:\Program Files\Microsoft SQL Server\Client SDK\ODBC\170\Tools\Binn\;C:\Program Files (x86)\NVIDIA Corporation\PhysX\Common;C:\Program Files\nodejs\;C:\Program Files\Git\cmd;C:\Program Files\Git\mingw64\bin;C:\Program Files\Git\usr\bin;C:\Users\jakki\Anaconda3;C:\Users\jakki\Anaconda3\Library\mingw-w64\bin;C:\Users\jakki\Anaconda3\Library\usr\bin;C:\Users\jakki\Anaconda3\Library\bin;C:\Users\jakki\Anaconda3\Scripts;C:\Users\jakki\AppData\Local\Microsoft\WindowsApps;C:\Users\jakki\AppData\Roaming\npm;C:\Users\jakki\AppData\Local\Programs\Microsoft VS Code\bin;C:\Program Files\Java\jdk1.8.0_231\bin;C:\Program Files\Java\jdk1.8.0_231\bin;C:\Program Files\heroku\bin;C:\Windows\System32;
USERNAME=jakki
OS=Windows_NT
PROCESSOR_IDENTIFIER=Intel64 Family 6 Model 23 Stepping 10, GenuineIntel



---------------  S Y S T E M  ---------------

OS: Windows 10.0 , 64 bit Build 17763 (10.0.17763.475)

CPU:total 4 (initial active 4) (4 cores per cpu, 1 threads per core) family 6 model 23 stepping 10, cmov, cx8, fxsr, mmx, sse, sse2, sse3, ssse3, sse4.1, tsc

Memory: 4k page, physical 8387700k(1558276k free), swap 33553524k(2184k free)

vm_info: Java HotSpot(TM) 64-Bit Server VM (25.231-b11) for windows-amd64 JRE (1.8.0_231-b11), built on Oct  5 2019 03:11:30 by "java_re" with MS VC++ 10.0 (VS2010)

time: Fri Feb 21 05:17:23 2020
timezone: Suomen normaaliaika
elapsed time: 1433 seconds (0d 0h 23m 53s)

